<?xml version="1.0" encoding="UTF-8"?>
<!-- Generated by org.testng.reporters.JUnitReportReporter -->
<testsuite skipped="0" hostname="Pragati-PC" name="tc_Guru1.Day2" tests="1" failures="0" timestamp="25 Jul 2019 08:45:19 GMT" time="18.878" errors="0">
  <testcase name="testday2testcase2" time="18.878" classname="tc_Guru1.Day2"/>
</testsuite> <!-- tc_Guru1.Day2 -->
