<?xml version="1.0" encoding="UTF-8"?>
<!-- Generated by org.testng.reporters.JUnitReportReporter -->
<testsuite skipped="0" hostname="Pragati-PC" name="tc_Guru1.Guru1" tests="1" failures="0" timestamp="18 Jul 2019 10:19:43 GMT" time="16.218" errors="0">
  <testcase name="testDay1TestCase1" time="16.218" classname="tc_Guru1.Guru1"/>
</testsuite> <!-- tc_Guru1.Guru1 -->
