<?xml version="1.0" encoding="UTF-8"?>
<!-- Generated by org.testng.reporters.JUnitReportReporter -->
<testsuite skipped="0" hostname="Pragati-PC" name="tc_Guru1.Day4" tests="1" failures="0" timestamp="25 Jul 2019 10:39:10 GMT" time="20.457" errors="0">
  <testcase name="testday3testcase3" time="20.457" classname="tc_Guru1.Day4"/>
</testsuite> <!-- tc_Guru1.Day4 -->
