<?xml version="1.0" encoding="UTF-8"?>
<!-- Generated by org.testng.reporters.JUnitReportReporter -->
<testsuite skipped="0" hostname="Pragati-PC" name="tc_Guru1.Day3" tests="1" failures="0" timestamp="25 Jul 2019 09:26:00 GMT" time="19.354" errors="0">
  <testcase name="testday3testcase3" time="19.354" classname="tc_Guru1.Day3"/>
</testsuite> <!-- tc_Guru1.Day3 -->
